<?xml version="1.0" encoding="UTF-8"?>
<!-- Generated by org.testng.reporters.JUnitReportReporter -->
<testsuite skipped="0" hostname="QAP9-PC" name="naniP.TestNGPractice" tests="1" failures="0" timestamp="04 Sep 2018 06:57:32 GMT" time="0.004" errors="0">
  <testcase name="test" time="0.004" classname="naniP.TestNGPractice"/>
</testsuite> <!-- naniP.TestNGPractice -->
